<?xml version="1.0" encoding="UTF-8"?>
<robot generator="Robot 7.4.1 (Python 3.13.12 on win32)" generated="2026-02-21T15:13:20.643306" rpa="false" schemaversion="5">
<suite id="s1" name="EcomerceApplicationLogout" source="E:\Nishchal\RobotFramework\EcomerceApplicationLogout.robot">
<test id="s1-t1" name="Verify Ecomerce Application" line="8">
<kw name="Open Browser" owner="SeleniumLibrary">
<msg time="2026-02-21T15:13:21.123095" level="INFO">Opening browser 'chrome' to base url 'https://automationexercise.com/'.</msg>
<arg>${url}</arg>
<arg>chrome</arg>
<doc>Opens a new browser instance to the optional ``url``.</doc>
<status status="PASS" start="2026-02-21T15:13:21.122735" elapsed="6.647487"/>
</kw>
<kw name="Maximize Browser Window" owner="SeleniumLibrary">
<doc>Maximizes current browser window.</doc>
<status status="PASS" start="2026-02-21T15:13:27.770762" elapsed="0.112864"/>
</kw>
<kw name="Wait Until Element Is Visible" owner="SeleniumLibrary">
<arg>//a[normalize-space()='Signup / Login']</arg>
<doc>Waits until the element ``locator`` is visible.</doc>
<status status="PASS" start="2026-02-21T15:13:27.883999" elapsed="0.046549"/>
</kw>
<kw name="Click Element" owner="SeleniumLibrary">
<msg time="2026-02-21T15:13:27.931648" level="INFO">Clicking element '//a[normalize-space()='Signup / Login']'.</msg>
<arg>//a[normalize-space()='Signup / Login']</arg>
<doc>Click the element identified by ``locator``.</doc>
<status status="PASS" start="2026-02-21T15:13:27.931042" elapsed="5.067649"/>
</kw>
<kw name="Wait Until Element Is Visible" owner="SeleniumLibrary">
<arg>//h2[normalize-space()='Login to your account']</arg>
<doc>Waits until the element ``locator`` is visible.</doc>
<status status="PASS" start="2026-02-21T15:13:32.999506" elapsed="0.056281"/>
</kw>
<kw name="Input Text" owner="SeleniumLibrary">
<msg time="2026-02-21T15:13:33.056804" level="INFO">Typing text 'nishu@gmail.com' into text field '//input[@data-qa='login-email']'.</msg>
<arg>//input[@data-qa='login-email']</arg>
<arg>nishu@gmail.com</arg>
<doc>Types the given ``text`` into the text field identified by ``locator``.</doc>
<status status="PASS" start="2026-02-21T15:13:33.056262" elapsed="0.415998"/>
</kw>
<kw name="Input Text" owner="SeleniumLibrary">
<msg time="2026-02-21T15:13:33.473915" level="INFO">Typing text 'Admin@123' into text field '//input[@placeholder='Password']'.</msg>
<arg>//input[@placeholder='Password']</arg>
<arg>Admin@123</arg>
<doc>Types the given ``text`` into the text field identified by ``locator``.</doc>
<status status="PASS" start="2026-02-21T15:13:33.473035" elapsed="0.178988"/>
</kw>
<kw name="Click Button" owner="SeleniumLibrary">
<msg time="2026-02-21T15:13:33.653055" level="INFO">Clicking button '//button[normalize-space()='Login']'.</msg>
<arg>//button[normalize-space()='Login']</arg>
<doc>Clicks the button identified by ``locator``.</doc>
<status status="PASS" start="2026-02-21T15:13:33.652382" elapsed="4.186897"/>
</kw>
<kw name="Wait Until Element Is Visible" owner="SeleniumLibrary">
<arg>//a[normalize-space()='Home']</arg>
<doc>Waits until the element ``locator`` is visible.</doc>
<status status="PASS" start="2026-02-21T15:13:37.840558" elapsed="0.201834"/>
</kw>
<kw name="Click Element" owner="SeleniumLibrary">
<msg time="2026-02-21T15:13:38.043489" level="INFO">Clicking element '//a[normalize-space()='Logout']'.</msg>
<arg>//a[normalize-space()='Logout']</arg>
<doc>Click the element identified by ``locator``.</doc>
<status status="PASS" start="2026-02-21T15:13:38.042884" elapsed="3.312912"/>
</kw>
<kw name="Wait Until Element Is Visible" owner="SeleniumLibrary">
<arg>//h2[normalize-space()='Login to your account']</arg>
<doc>Waits until the element ``locator`` is visible.</doc>
<status status="PASS" start="2026-02-21T15:13:41.356122" elapsed="0.026148"/>
</kw>
<kw name="Close Browser" owner="SeleniumLibrary">
<doc>Closes the current browser.</doc>
<status status="PASS" start="2026-02-21T15:13:41.382691" elapsed="3.333008"/>
</kw>
<status status="PASS" start="2026-02-21T15:13:21.121633" elapsed="23.595050"/>
</test>
<status status="PASS" start="2026-02-21T15:13:20.666969" elapsed="24.052443"/>
</suite>
<statistics>
<total>
<stat pass="1" fail="0" skip="0">All Tests</stat>
</total>
<tag>
</tag>
<suite>
<stat name="EcomerceApplicationLogout" id="s1" pass="1" fail="0" skip="0">EcomerceApplicationLogout</stat>
</suite>
</statistics>
<errors>
</errors>
</robot>
